<?xml version="1.0" encoding="UTF-8"?>
<testsuite xmlns:xsi="http://www.w3.org/2001/XMLSchema-instance" xsi:noNamespaceSchemaLocation="https://maven.apache.org/surefire/maven-surefire-plugin/xsd/surefire-test-report-3.0.xsd" version="3.0" name="com.example.mail.EmailSenderApplicationTests" time="5.04" tests="1" errors="0" skipped="0" failures="0">
  <properties>
[...]
</properties>
  <testcase name="contextLoads" classname="com.example.mail.EmailSenderApplicationTests" time="1.577">
    <system-out><![CDATA[16:16:55.012 [main] INFO org.springframework.test.context.support.AnnotationConfigContextLoaderUtils -- Could not detect default configuration classes for test class [com.example.mail.EmailSenderApplicationTests]: EmailSenderApplicationTests does not declare any static, non-private, non-final, nested classes annotated with @Configuration.
16:16:55.218 [main] INFO org.springframework.boot.test.context.SpringBootTestContextBootstrapper -- Found @SpringBootConfiguration com.example.mail.EmailSenderApplication for test class com.example.mail.EmailSenderApplicationTests

  .   ____          _            __ _ _
 /\\ / ___'_ __ _ _(_)_ __  __ _ \ \ \ \
( ( )\___ | '_ | '_| | '_ \/ _` | \ \ \ \
 \\/  ___)| |_)| | | | | || (_| |  ) ) ) )
  '  |____| .__|_| |_|_| |_\__, | / / / /
 =========|_|==============|___/=/_/_/_/
 :: Spring Boot ::                (v3.2.5)

2024-10-16T16:16:55.885+03:00  INFO 11548 --- [mail-sender] [           main] c.e.mail.EmailSenderApplicationTests     : Starting EmailSenderApplicationTests using Java 21.0.2 with PID 11548 (started by AL NAJEH in D:\projects\emailsender-master)
2024-10-16T16:16:55.887+03:00  INFO 11548 --- [mail-sender] [           main] c.e.mail.EmailSenderApplicationTests     : No active profile set, falling back to 1 default profile: "default"
2024-10-16T16:16:58.006+03:00  INFO 11548 --- [mail-sender] [           main] c.e.mail.EmailSenderApplicationTests     : Started EmailSenderApplicationTests in 2.515 seconds (process running for 4.504)
]]></system-out>
    <system-err><![CDATA[WARNING: A Java agent has been loaded dynamically (C:\Users\AL NAJEH\.m2\repository\net\bytebuddy\byte-buddy-agent\1.14.13\byte-buddy-agent-1.14.13.jar)
WARNING: If a serviceability tool is in use, please run with -XX:+EnableDynamicAgentLoading to hide this warning
WARNING: If a serviceability tool is not in use, please run with -Djdk.instrument.traceUsage for more information
WARNING: Dynamic loading of agents will be disallowed by default in a future release
]]></system-err>
  </testcase>
</testsuite>